<?xml version="1.0" encoding="UTF-8"?>
<testsuites errors="0" failures="0" name="therapist" tests="1" time="0.0"><testsuite errors="0" failures="0" id="flake8" name="flake8" tests="1" time="0.0"><testcase name="flake8" time="0.0" /></testsuite></testsuites>