<?xml version="1.0" encoding="UTF-8"?>
<testsuites errors="1" failures="0" name="therapist" tests="1" time="1.0"><testsuite errors="1" failures="0" id="flake8" name="flake8" tests="1" time="1.0"><testcase name="flake8" time="1.0"><error type="error">Error!</error></testcase></testsuite></testsuites>