<?xml version="1.0" encoding="UTF-8"?>
<testsuites name="therapist" time="0.0" tests="1" failures="0" errors="0"><testsuite id="flake8" name="flake8" time="0.0" tests="1" failures="0" errors="0"><testcase time="0.0" name="flake8" /></testsuite></testsuites>